#
# A fatal error has been detected by the Java Runtime Environment:
#
#  EXCEPTION_ACCESS_VIOLATION (0xc0000005) at pc=0x75f59c7f, pid=2768, tid=7472
#
# JRE version: 6.0_26-b03
# Java VM: Java HotSpot(TM) Client VM (20.1-b02 mixed mode, sharing windows-x86 )
# Problematic frame:
# C  [msvcrt.dll+0x9c7f]
#
# If you would like to submit a bug report, please visit:
#   http://java.sun.com/webapps/bugreport/crash.jsp
# The crash happened outside the Java Virtual Machine in native code.
# See problematic frame for where to report the bug.
#

---------------  T H R E A D  ---------------

Current thread (0x0106a000):  JavaThread "main" [_thread_in_native, id=7472, stack(0x00270000,0x002c0000)]

siginfo: ExceptionCode=0xc0000005, writing address 0x00000000

Registers:
EAX=0x00000000, EBX=0x00000000, ECX=0x000001d6, EDX=0x00000050
ESP=0x002afa10, EBP=0x002afa14, ESI=0x00000000, EDI=0x00000000
EIP=0x75f59c7f, EFLAGS=0x00010202

Top of Stack: (sp=0x002afa10)
0x002afa10:   00000000 002afa34 75f59c39 00000000
0x002afa20:   0000eb00 384ac2d0 00000050 002afa4c
0x002afa30:   00000000 002afa84 641c12d8 00000000
0x002afa40:   00000000 0000eb50 002afa3c 002afa6c
0x002afa50:   002bfdd4 6daa9d60 6daac6f0 ffffffff
0x002afa60:   002afa70 6d8a2b20 0106a000 002afa9c
0x002afa70:   6d8a2ac6 0106a000 00000000 00000000
0x002afa80:   00000000 002afaa4 619c12a2 02625340 

Instructions: (pc=0x75f59c7f)
0x75f59c5f:   e5 5d c3 90 90 90 90 90 8b c0 55 8b ec 83 ec 04
0x75f59c6f:   89 7d fc 8b 7d 08 8b 4d 0c c1 e9 07 66 0f ef c0
0x75f59c7f:   66 0f 7f 07 66 0f 7f 47 10 66 0f 7f 47 20 66 0f
0x75f59c8f:   7f 47 30 66 0f 7f 47 40 66 0f 7f 47 50 66 0f 7f 


Register to memory mapping:

EAX=0x00000000 is an unknown value
EBX=0x00000000 is an unknown value
ECX=0x000001d6 is an unknown value
EDX=0x00000050 is an unknown value
ESP=0x002afa10 is pointing into the stack for thread: 0x0106a000
EBP=0x002afa14 is pointing into the stack for thread: 0x0106a000
ESI=0x00000000 is an unknown value
EDI=0x00000000 is an unknown value


Stack: [0x00270000,0x002c0000],  sp=0x002afa10,  free space=254k
Native frames: (J=compiled Java code, j=interpreted, Vv=VM code, C=native code)
C  [msvcrt.dll+0x9c7f]  ftol2+0xde
C  [msvcrt.dll+0x9c39]  ftol2+0x98
C  [edflib.dll+0x12d8]  edfopen_file_readonly+0x58
C  [ReadSignals.dll+0x12a2]  openEDFFile+0x22

Java frames: (J=compiled Java code, j=interpreted, Vv=VM code)
j  org.xvolks.jnative.JNative.nInvoke(I)V+0
j  org.xvolks.jnative.JNative.invoke()V+55
j  Signals.Reader.openEDFFile(Ljava/lang/String;)I+34
j  Signals.Tester.ReaderTester.main([Ljava/lang/String;)V+2
v  ~StubRoutines::call_stub

---------------  P R O C E S S  ---------------

Java Threads: ( => current thread )
  0x02607000 JavaThread "Low Memory Detector" daemon [_thread_blocked, id=7480, stack(0x04ac0000,0x04b10000)]
  0x025fa400 JavaThread "C1 CompilerThread0" daemon [_thread_blocked, id=3196, stack(0x04a30000,0x04a80000)]
  0x025f9400 JavaThread "Attach Listener" daemon [_thread_blocked, id=8040, stack(0x049a0000,0x049f0000)]
  0x025f6400 JavaThread "Signal Dispatcher" daemon [_thread_blocked, id=5952, stack(0x04910000,0x04960000)]
  0x025eb800 JavaThread "Finalizer" daemon [_thread_blocked, id=6224, stack(0x04880000,0x048d0000)]
  0x025ea000 JavaThread "Reference Handler" daemon [_thread_blocked, id=7296, stack(0x047f0000,0x04840000)]
=>0x0106a000 JavaThread "main" [_thread_in_native, id=7472, stack(0x00270000,0x002c0000)]

Other Threads:
  0x025ae800 VMThread [stack: 0x047a0000,0x047f0000] [id=3756]
  0x02610c00 WatcherThread [stack: 0x04b50000,0x04ba0000] [id=3384]

VM state:not at safepoint (normal execution)

VM Mutex/Monitor currently owned by a thread: None

Heap
 def new generation   total 4928K, used 499K [0x240c0000, 0x24610000, 0x29610000)
  eden space 4416K,  11% used [0x240c0000, 0x2413ce80, 0x24510000)
  from space 512K,   0% used [0x24510000, 0x24510000, 0x24590000)
  to   space 512K,   0% used [0x24590000, 0x24590000, 0x24610000)
 tenured generation   total 10944K, used 0K [0x29610000, 0x2a0c0000, 0x340c0000)
   the space 10944K,   0% used [0x29610000, 0x29610000, 0x29610200, 0x2a0c0000)
 compacting perm gen  total 12288K, used 104K [0x340c0000, 0x34cc0000, 0x380c0000)
   the space 12288K,   0% used [0x340c0000, 0x340da280, 0x340da400, 0x34cc0000)
    ro space 10240K,  54% used [0x380c0000, 0x3863eb78, 0x3863ec00, 0x38ac0000)
    rw space 12288K,  55% used [0x38ac0000, 0x391649c8, 0x39164a00, 0x396c0000)

Code Cache  [0x02670000, 0x026e0000, 0x04670000)
 total_blobs=134 nmethods=10 adapters=61 free_code_cache=33097856 largest_free_block=0

Dynamic libraries:
0x00400000 - 0x00424000 	C:\Program Files (x86)\Java\jdk1.6.0_26\bin\java.exe
0x776a0000 - 0x77820000 	C:\Windows\SysWOW64\ntdll.dll
0x76aa0000 - 0x76bb0000 	C:\Windows\syswow64\kernel32.dll
0x75e20000 - 0x75e66000 	C:\Windows\syswow64\KERNELBASE.dll
0x64d00000 - 0x64d34000 	C:\Program Files\AVAST Software\Avast\snxhk.dll
0x76970000 - 0x76a10000 	C:\Windows\syswow64\ADVAPI32.dll
0x75f50000 - 0x75ffc000 	C:\Windows\syswow64\msvcrt.dll
0x76c40000 - 0x76c59000 	C:\Windows\SysWOW64\sechost.dll
0x75d20000 - 0x75e10000 	C:\Windows\syswow64\RPCRT4.dll
0x74d90000 - 0x74df0000 	C:\Windows\syswow64\SspiCli.dll
0x74d80000 - 0x74d8c000 	C:\Windows\syswow64\CRYPTBASE.dll
0x7c340000 - 0x7c396000 	C:\Program Files (x86)\Java\jdk1.6.0_26\jre\bin\msvcr71.dll
0x6d8a0000 - 0x6db4f000 	C:\Program Files (x86)\Java\jdk1.6.0_26\jre\bin\client\jvm.dll
0x76600000 - 0x76700000 	C:\Windows\syswow64\USER32.dll
0x76bb0000 - 0x76c40000 	C:\Windows\syswow64\GDI32.dll
0x75e10000 - 0x75e1a000 	C:\Windows\syswow64\LPK.dll
0x75a80000 - 0x75b1d000 	C:\Windows\syswow64\USP10.dll
0x724d0000 - 0x72502000 	C:\Windows\system32\WINMM.dll
0x760d0000 - 0x76130000 	C:\Windows\system32\IMM32.DLL
0x76000000 - 0x760cc000 	C:\Windows\syswow64\MSCTF.dll
0x71b10000 - 0x71b5c000 	C:\Windows\system32\apphelp.dll
0x73340000 - 0x73372000 	C:\Windows\SysWOW64\nvinit.dll
0x0f000000 - 0x0f006000 	C:\Program Files (x86)\NVIDIA Corporation\CoProcManager\_etoured.dll
0x71ad0000 - 0x71b0c000 	C:\Program Files (x86)\NVIDIA Corporation\CoProcManager\nvd3d9wrap.dll
0x761c0000 - 0x7635d000 	C:\Windows\syswow64\SETUPAPI.dll
0x76360000 - 0x76387000 	C:\Windows\syswow64\CFGMGR32.dll
0x76130000 - 0x761bf000 	C:\Windows\syswow64\OLEAUT32.dll
0x764a0000 - 0x765fc000 	C:\Windows\syswow64\ole32.dll
0x75e70000 - 0x75e82000 	C:\Windows\syswow64\DEVOBJ.dll
0x71a90000 - 0x71acb000 	C:\Program Files (x86)\NVIDIA Corporation\CoProcManager\nvdxgiwrap.dll
0x6d850000 - 0x6d85c000 	C:\Program Files (x86)\Java\jdk1.6.0_26\jre\bin\verify.dll
0x6d3d0000 - 0x6d3ef000 	C:\Program Files (x86)\Java\jdk1.6.0_26\jre\bin\java.dll
0x76780000 - 0x76785000 	C:\Windows\system32\PSAPI.DLL
0x6d890000 - 0x6d89f000 	C:\Program Files (x86)\Java\jdk1.6.0_26\jre\bin\zip.dll
0x66c40000 - 0x66c61000 	C:\Users\Tom\Dropbox\NetBeansProjects\ECGSeparation\JNativeCpp.dll
0x619c0000 - 0x619cb000 	C:\Users\Tom\Dropbox\NetBeansProjects\ECGSeparation\ReadSignals.dll
0x641c0000 - 0x641d9000 	C:\Users\Tom\Dropbox\NetBeansProjects\ECGSeparation\edflib.dll

VM Arguments:
jvm_args: -Dfile.encoding=UTF-8 
java_command: Signals.Tester.ReaderTester
Launcher Type: SUN_STANDARD

Environment Variables:
CLASSPATH=C:\Program Files (x86)\amzi_6-2-14\lsapis\java20
PATH=C:\Windows\system32;C:\Windows;C:\Windows\System32\Wbem;C:\Windows\System32\WindowsPowerShell\v1.0\;C:\Program Files (x86)\Intel\Services\IPT\;C:\Program Files\Intel\WiFi\bin\;C:\Program Files\Common Files\Intel\WirelessCommon\;C:\Program Files (x86)\Microsoft SQL Server\100\Tools\Binn\;C:\Program Files\Microsoft SQL Server\100\Tools\Binn\;C:\Program Files\Microsoft SQL Server\100\DTS\Binn\;C:\MinGW\bin\;C:\MinGW\msys\1.0\bin\;C:\Program Files\ThinkPad\Bluetooth Software\;C:\Program Files\ThinkPad\Bluetooth Software\syswow64;C:\Program Files\Broadcom\WHL\;C:\Program Files\Broadcom\WHL\syswow64;C:\Program Files\Broadcom\WHL\SysWow64\;C:\Program Files\Broadcom\WHL\SysWow64\syswow64;C:\Program Files (x86)\Java\jdk1.6.0_26\bin\;C:\Program Files (x86)\amzi_6-2-14\bin;C:\Program Files\Intel\WiFi\bin\;C:\Program Files\Common Files\Intel\WirelessCommon\
USERNAME=Tom
OS=Windows_NT
PROCESSOR_IDENTIFIER=Intel64 Family 6 Model 42 Stepping 7, GenuineIntel



---------------  S Y S T E M  ---------------

OS: Windows 7 Build 7601 Service Pack 1

CPU:total 4 (2 cores per cpu, 2 threads per core) family 6 model 42 stepping 7, cmov, cx8, fxsr, mmx, sse, sse2, sse3, ssse3, sse4.1, sse4.2, popcnt, ht

Memory: 4k page, physical 4078832k(1305596k free), swap 8155816k(5134952k free)

vm_info: Java HotSpot(TM) Client VM (20.1-b02) for windows-x86 JRE (1.6.0_26-b03), built on May  4 2011 00:50:59 by "java_re" with MS VC++ 7.1 (VS2003)

time: Sat Sep 24 10:53:06 2011
elapsed time: 0 seconds

